This file contains any messages produced by compilers while
running configure, to aid debugging if configure makes a mistake.

It was created by swf configure 1.0, which was
generated by GNU Autoconf 2.61.  Invocation command line was

  $ ./configure 

## --------- ##
## Platform. ##
## --------- ##

hostname = server.local
uname -m = x86_64
uname -r = 11.0.1
uname -s = Darwin
uname -v = Darwin Kernel Version 11.0.1: Thu Jul 28 02:01:39 PDT 2011; root:xnu-1699.23.4~1/RELEASE_X86_64

/usr/bin/uname -p = i386
/bin/uname -X     = unknown

/bin/arch              = unknown
/usr/bin/arch -k       = unknown
/usr/convex/getsysinfo = unknown
/usr/bin/hostinfo      = Mach kernel version:
	 Darwin Kernel Version 11.0.1: Thu Jul 28 02:01:39 PDT 2011; root:xnu-1699.23.4~1/RELEASE_X86_64
Kernel configured for up to 8 processors.
4 processors are physically available.
8 processors are logically available.
Processor type: i486 (Intel 80486)
Processors active: 0 1 2 3 4 5 6 7
Primary memory available: 8.00 gigabytes
Default processor set: 95 tasks, 470 threads, 8 processors
Load average: 0.33, Mach factor: 7.66
/bin/machine           = unknown
/usr/bin/oslevel       = unknown
/bin/universe          = unknown

PATH: /usr/bin
PATH: /bin
PATH: /usr/sbin
PATH: /sbin
PATH: /usr/local/bin
PATH: /usr/X11/bin
PATH: /usr/local/mysql/bin
PATH: /Users/b/MyWork/Code/RubyRails/singleScripts
PATH: /Users/b/.ec2/bin
PATH: /Users/b/.rds/bin
PATH: /Users/b/MyWork/Code/Flex/sdks/4.1.0.16076/bin


## ----------- ##
## Core tests. ##
## ----------- ##

configure:1746: creating ./config.status

## ---------------------- ##
## Running config.status. ##
## ---------------------- ##

This file was extended by swf config.status 1.0, which was
generated by GNU Autoconf 2.61.  Invocation command line was

  CONFIG_FILES    = 
  CONFIG_HEADERS  = 
  CONFIG_LINKS    = 
  CONFIG_COMMANDS = 
  $ ./config.status 

on server.local


## ---------------- ##
## Cache variables. ##
## ---------------- ##

ac_cv_env_build_alias_set=
ac_cv_env_build_alias_value=
ac_cv_env_host_alias_set=
ac_cv_env_host_alias_value=
ac_cv_env_target_alias_set=
ac_cv_env_target_alias_value=

## ----------------- ##
## Output variables. ##
## ----------------- ##

DEFS='-DPACKAGE_NAME=\"swf\" -DPACKAGE_TARNAME=\"swf\" -DPACKAGE_VERSION=\"1.0\" -DPACKAGE_STRING=\"swf\ 1.0\" -DPACKAGE_BUGREPORT=\"\"'
ECHO_C='ECHO_N=''
ECHO_T=''
LIBOBJS=''
LIBS=''
LTLIBOBJS=''
PACKAGE_BUGREPORT=''
PACKAGE_NAME='swf'
PACKAGE_STRING='swf 1.0'
PACKAGE_TARNAME='swf'
PACKAGE_VERSION='1.0'
PATH_SEPARATOR=':'
SHELL='/bin/sh'
bindir='${exec_prefix}/bin'
build_alias=''
datadir='${datarootdir}'
datarootdir='${prefix}/share'
docdir='${datarootdir}/doc/${PACKAGE_TARNAME}'
dvidir='${docdir}'
exec_prefix='${prefix}'
host_alias=''
htmldir='${docdir}'
includedir='${prefix}/include'
infodir='${datarootdir}/info'
libdir='${exec_prefix}/lib'
libexecdir='${exec_prefix}/libexec'
localedir='${datarootdir}/locale'
localstatedir='${prefix}/var'
mandir='${datarootdir}/man'
oldincludedir='/usr/include'
pdfdir='${docdir}'
prefix='/usr/local'
program_transform_name='s,x,x,'
psdir='${docdir}'
sbindir='${exec_prefix}/sbin'
sharedstatedir='${prefix}/com'
sysconfdir='${prefix}/etc'
target_alias=''

## ----------- ##
## confdefs.h. ##
## ----------- ##

#define PACKAGE_NAME "swf"
#define PACKAGE_TARNAME "swf"
#define PACKAGE_VERSION "1.0"
#define PACKAGE_STRING "swf 1.0"
#define PACKAGE_BUGREPORT ""

configure: exit 0
